No errors on assembly of 'e:\vscode\asmstudy\stmasm\stm8s103\blink_nl\blink_nl.asm'
No errors on assembly of 'e:\vscode\asmstudy\stmasm\stm8s103\blink_nl\blink_nl.asm'
e:\vscode\asmstudy\stmasm\stm8s003\blink_nl\blink_nl.asm(22): as2 : Error 46: Illegal undefined label 'PB_DDR, #LED       ; PB_DDR|=(1<<LED)'
e:\vscode\asmstudy\stmasm\stm8s003\blink_nl\blink_nl.asm(23): as2 : Error 46: Illegal undefined label 'PB_CR1, #LED       ; PB_CR1|=(1<<LED)'
e:\vscode\asmstudy\stmasm\stm8s003\blink_nl\blink_nl.asm(25): as2 : Error 46: Illegal undefined label 'PB_ODR, #LED       ; PB_ODR^=(1<<LED)	'
3 errors on assembly of 'e:\vscode\asmstudy\stmasm\stm8s003\blink_nl\blink_nl.asm'
No errors on assembly of 'e:\vscode\asmstudy\stmasm\stm8s003\blink_nl\blink_nl.asm'
No errors on assembly of 'e:\vscode\asmstudy\stmasm\stm8s003\blink_nl\blink_nl.asm'
No errors on assembly of 'e:\vscode\asmstudy\stmasm\stm8s003\blink_nl\blink_nl.asm'
No errors on assembly of 'e:\vscode\asmstudy\stmasm\stm8s003\blink_nl\blink_nl.asm'
No errors on assembly of 'e:\vscode\asmstudy\stmasm\stm8s003\blink_nl\blink_nl.asm'
No errors on assembly of 'e:\vscode\asmstudy\stmasm\stm8s003\blink_nl\blink_nl.asm'
No errors on assembly of 'e:\vscode\asmstudy\stmasm\stm8s003\blink_nl\blink_nl.asm'
No errors on assembly of 'e:\vscode\asmstudy\stmasm\stm8s003\blink_nl\blink_nl.asm'
No errors on assembly of 'e:\vscode\asmstudy\stmasm\stm8s003\blink_nl\blink_nl.asm'
No errors on assembly of 'e:\vscode\asmstudy\stmasm\stm8s003\blink_nl\blink_nl.asm'
No errors on assembly of 'e:\vscode\asmstudy\stmasm\stm8s003\blink_nl\blink_nl.asm'
No errors on assembly of 'e:\vscode\asmstudy\stmasm\stm8s003\blink_nl\blink_nl.asm'
No errors on assembly of 'e:\vscode\asmstudy\stmasm\stm8s003\blink_nl\blink_nl.asm'
No errors on assembly of 'e:\vscode\asmstudy\stmasm\stm8s003\blink_nl\blink_nl.asm'
